<?xml version="1.0" encoding="UTF-8"?>
<!-- Generated by org.testng.reporters.JUnitXMLReporter -->
<testsuite hostname="DESKTOP-M3KNQBL" ignored="0" name="Default test" tests="14" failures="0" timestamp="15 Aug 2018 06:22:59 GMT" time="226.001" errors="0">
  <testcase name="Login" time="14.284" classname="SystemMavenProject.AnotherSystem"/>
  <testcase name="Finance" time="31.213" classname="SystemMavenProject.AnotherSystem"/>
  <testcase name="LoadFees" time="0.001" classname="SystemMavenProject.AnotherSystem">
    <skipped/>
  </testcase> <!-- LoadFees -->
  <testcase name="Programs" time="0.0" classname="SystemMavenProject.AnotherSystem">
    <skipped/>
  </testcase> <!-- Programs -->
  <testcase name="MnuProgramProducts" time="16.461" classname="SystemMavenProject.AnotherSystem"/>
  <testcase name="MnuProgramProductRef" time="17.478" classname="SystemMavenProject.AnotherSystem"/>
  <testcase name="MnuProgramCarrierType" time="18.981" classname="SystemMavenProject.AnotherSystem"/>
  <testcase name="MnuProgramDeliveryFee" time="20.469" classname="SystemMavenProject.AnotherSystem"/>
  <testcase name="MnuProgramTariff" time="17.763" classname="SystemMavenProject.AnotherSystem"/>
  <testcase name="MnuUserSystemUser" time="27.742" classname="SystemMavenProject.AnotherSystem"/>
  <testcase name="MnuUserProgramUser" time="26.157" classname="SystemMavenProject.AnotherSystem"/>
  <testcase name="MnuIPWhitelist" time="12.388" classname="SystemMavenProject.AnotherSystem"/>
  <testcase name="MnuSupportCardholder" time="13.369" classname="SystemMavenProject.AnotherSystem"/>
  <testcase name="MnuSettingsPrefund" time="9.658" classname="SystemMavenProject.AnotherSystem"/>
</testsuite> <!-- Default test -->
